# JRE version: Java(TM) SE Runtime Environment 18.9 (11.0.9+7) (build 11.0.9+7-LTS)
# Java VM: Java HotSpot(TM) 64-Bit Server VM 18.9 (11.0.9+7-LTS, mixed mode, tiered, compressed oops, parallel gc, windows-amd64)
Heap:
 PSYoungGen      total 73216K, used 59588K [0x00000000eab00000, 0x00000000f1200000, 0x0000000100000000)
  eden space 60928K, 77% used [0x00000000eab00000,0x00000000ed931b88,0x00000000ee680000)
  from space 12288K, 99% used [0x00000000ef900000,0x00000000f04ff738,0x00000000f0500000)
  to   space 18944K, 0% used [0x00000000ee680000,0x00000000ee680000,0x00000000ef900000)
 ParOldGen       total 486912K, used 308580K [0x00000000c0000000, 0x00000000ddb80000, 0x00000000eab00000)
  object space 486912K, 63% used [0x00000000c0000000,0x00000000d2d590d0,0x00000000ddb80000)
 Metaspace       used 74408K, capacity 77654K, committed 77912K, reserved 1120256K
  class space    used 6830K, capacity 8048K, committed 8064K, reserved 1048576K
GC Heap History (10 events):
Event: 559.951 GC heap before
{Heap before GC invocations=642 (full 25):
 PSYoungGen      total 66560K, used 66479K [0x00000000eab00000, 0x00000000f0000000, 0x0000000100000000)
  eden space 58368K, 100% used [0x00000000eab00000,0x00000000ee400000,0x00000000ee400000)
  from space 8192K, 99% used [0x00000000ee400000,0x00000000eebebde8,0x00000000eec00000)
  to   space 11264K, 0% used [0x00000000ef500000,0x00000000ef500000,0x00000000f0000000)
 ParOldGen       total 486912K, used 275630K [0x00000000c0000000, 0x00000000ddb80000, 0x00000000eab00000)
  object space 486912K, 56% used [0x00000000c0000000,0x00000000d0d2ba58,0x00000000ddb80000)
 Metaspace       used 74178K, capacity 77361K, committed 77656K, reserved 1118208K
  class space    used 6813K, capacity 8015K, committed 8064K, reserved 1048576K
}
Event: 560.047 GC heap after
{Heap after GC invocations=642 (full 25):
 PSYoungGen      total 72192K, used 7377K [0x00000000eab00000, 0x00000000efc80000, 0x0000000100000000)
  eden space 64512K, 0% used [0x00000000eab00000,0x00000000eab00000,0x00000000eea00000)
  from space 7680K, 96% used [0x00000000ef500000,0x00000000efc34548,0x00000000efc80000)
  to   space 8192K, 0% used [0x00000000eec80000,0x00000000eec80000,0x00000000ef480000)
 ParOldGen       total 486912K, used 282718K [0x00000000c0000000, 0x00000000ddb80000, 0x00000000eab00000)
  object space 486912K, 58% used [0x00000000c0000000,0x00000000d1417a58,0x00000000ddb80000)
 Metaspace       used 74178K, capacity 77361K, committed 77656K, reserved 1118208K
  class space    used 6813K, capacity 8015K, committed 8064K, reserved 1048576K
}
Event: 561.365 GC heap before
{Heap before GC invocations=643 (full 25):
 PSYoungGen      total 72192K, used 71889K [0x00000000eab00000, 0x00000000efc80000, 0x0000000100000000)
  eden space 64512K, 99% used [0x00000000eab00000,0x00000000ee9ffff8,0x00000000eea00000)
  from space 7680K, 96% used [0x00000000ef500000,0x00000000efc34548,0x00000000efc80000)
  to   space 8192K, 0% used [0x00000000eec80000,0x00000000eec80000,0x00000000ef480000)
 ParOldGen       total 486912K, used 283615K [0x00000000c0000000, 0x00000000ddb80000, 0x00000000eab00000)
  object space 486912K, 58% used [0x00000000c0000000,0x00000000d14f7c90,0x00000000ddb80000)
 Metaspace       used 74180K, capacity 77361K, committed 77656K, reserved 1118208K
  class space    used 6813K, capacity 8015K, committed 8064K, reserved 1048576K
}
Event: 561.465 GC heap after
{Heap after GC invocations=643 (full 25):
 PSYoungGen      total 71168K, used 6159K [0x00000000eab00000, 0x00000000ef800000, 0x0000000100000000)
  eden space 64512K, 0% used [0x00000000eab00000,0x00000000eab00000,0x00000000eea00000)
  from space 6656K, 92% used [0x00000000eec80000,0x00000000ef283e28,0x00000000ef300000)
  to   space 5120K, 0% used [0x00000000ef300000,0x00000000ef300000,0x00000000ef800000)
 ParOldGen       total 486912K, used 289591K [0x00000000c0000000, 0x00000000ddb80000, 0x00000000eab00000)
  object space 486912K, 59% used [0x00000000c0000000,0x00000000d1acdcf0,0x00000000ddb80000)
 Metaspace       used 74180K, capacity 77361K, committed 77656K, reserved 1118208K
  class space    used 6813K, capacity 8015K, committed 8064K, reserved 1048576K
}
Event: 562.988 GC heap before
{Heap before GC invocations=644 (full 25):
 PSYoungGen      total 71168K, used 70671K [0x00000000eab00000, 0x00000000ef800000, 0x0000000100000000)
  eden space 64512K, 100% used [0x00000000eab00000,0x00000000eea00000,0x00000000eea00000)
  from space 6656K, 92% used [0x00000000eec80000,0x00000000ef283e28,0x00000000ef300000)
  to   space 5120K, 0% used [0x00000000ef300000,0x00000000ef300000,0x00000000ef800000)
 ParOldGen       total 486912K, used 291222K [0x00000000c0000000, 0x00000000ddb80000, 0x00000000eab00000)
  object space 486912K, 59% used [0x00000000c0000000,0x00000000d1c659e0,0x00000000ddb80000)
 Metaspace       used 74206K, capacity 77363K, committed 77656K, reserved 1118208K
  class space    used 6816K, capacity 8015K, committed 8064K, reserved 1048576K
}
Event: 563.120 GC heap after
{Heap after GC invocations=644 (full 25):
 PSYoungGen      total 67072K, used 5104K [0x00000000eab00000, 0x00000000f0700000, 0x0000000100000000)
  eden space 61952K, 0% used [0x00000000eab00000,0x00000000eab00000,0x00000000ee780000)
  from space 5120K, 99% used [0x00000000ef300000,0x00000000ef7fc020,0x00000000ef800000)
  to   space 11776K, 0% used [0x00000000ee780000,0x00000000ee780000,0x00000000ef300000)
 ParOldGen       total 486912K, used 296986K [0x00000000c0000000, 0x00000000ddb80000, 0x00000000eab00000)
  object space 486912K, 60% used [0x00000000c0000000,0x00000000d2206930,0x00000000ddb80000)
 Metaspace       used 74206K, capacity 77363K, committed 77656K, reserved 1118208K
  class space    used 6816K, capacity 8015K, committed 8064K, reserved 1048576K
}
Event: 565.255 GC heap before
{Heap before GC invocations=645 (full 25):
 PSYoungGen      total 67072K, used 67056K [0x00000000eab00000, 0x00000000f0700000, 0x0000000100000000)
  eden space 61952K, 100% used [0x00000000eab00000,0x00000000ee780000,0x00000000ee780000)
  from space 5120K, 99% used [0x00000000ef300000,0x00000000ef7fc020,0x00000000ef800000)
  to   space 11776K, 0% used [0x00000000ee780000,0x00000000ee780000,0x00000000ef300000)
 ParOldGen       total 486912K, used 296986K [0x00000000c0000000, 0x00000000ddb80000, 0x00000000eab00000)
  object space 486912K, 60% used [0x00000000c0000000,0x00000000d2206930,0x00000000ddb80000)
 Metaspace       used 74326K, capacity 77590K, committed 77656K, reserved 1118208K
  class space    used 6830K, capacity 8048K, committed 8064K, reserved 1048576K
}
Event: 565.459 GC heap after
{Heap after GC invocations=645 (full 25):
 PSYoungGen      total 73728K, used 11523K [0x00000000eab00000, 0x00000000f0500000, 0x0000000100000000)
  eden space 61952K, 0% used [0x00000000eab00000,0x00000000eab00000,0x00000000ee780000)
  from space 11776K, 97% used [0x00000000ee780000,0x00000000ef2c0e08,0x00000000ef300000)
  to   space 12288K, 0% used [0x00000000ef900000,0x00000000ef900000,0x00000000f0500000)
 ParOldGen       total 486912K, used 302115K [0x00000000c0000000, 0x00000000ddb80000, 0x00000000eab00000)
  object space 486912K, 62% used [0x00000000c0000000,0x00000000d2708c60,0x00000000ddb80000)
 Metaspace       used 74326K, capacity 77590K, committed 77656K, reserved 1118208K
  class space    used 6830K, capacity 8048K, committed 8064K, reserved 1048576K
}
Event: 567.596 GC heap before
{Heap before GC invocations=646 (full 25):
 PSYoungGen      total 73728K, used 73475K [0x00000000eab00000, 0x00000000f0500000, 0x0000000100000000)
  eden space 61952K, 100% used [0x00000000eab00000,0x00000000ee780000,0x00000000ee780000)
  from space 11776K, 97% used [0x00000000ee780000,0x00000000ef2c0e08,0x00000000ef300000)
  to   space 12288K, 0% used [0x00000000ef900000,0x00000000ef900000,0x00000000f0500000)
 ParOldGen       total 486912K, used 303147K [0x00000000c0000000, 0x00000000ddb80000, 0x00000000eab00000)
  object space 486912K, 62% used [0x00000000c0000000,0x00000000d280af50,0x00000000ddb80000)
 Metaspace       used 74369K, capacity 77590K, committed 77656K, reserved 1118208K
  class space    used 6830K, capacity 8048K, committed 8064K, reserved 1048576K
}
Event: 567.738 GC heap after
{Heap after GC invocations=646 (full 25):
 PSYoungGen      total 73216K, used 12285K [0x00000000eab00000, 0x00000000f1200000, 0x0000000100000000)
  eden space 60928K, 0% used [0x00000000eab00000,0x00000000eab00000,0x00000000ee680000)
  from space 12288K, 99% used [0x00000000ef900000,0x00000000f04ff738,0x00000000f0500000)
  to   space 18944K, 0% used [0x00000000ee680000,0x00000000ee680000,0x00000000ef900000)
 ParOldGen       total 486912K, used 308580K [0x00000000c0000000, 0x00000000ddb80000, 0x00000000eab00000)
  object space 486912K, 63% used [0x00000000c0000000,0x00000000d2d590d0,0x00000000ddb80000)
 Metaspace       used 74369K, capacity 77590K, committed 77656K, reserved 1118208K
  class space    used 6830K, capacity 8048K, committed 8064K, reserved 1048576K
}

